backend/src/modules/auth/services/session-lifecycle.service.ts(4,29): error TS2307: Cannot find module 'src/modules/admin/analytics-dashboard/entities/user-session.entity' or its corresponding type declarations.
frontend/app/admin/analytics/page.tsx(3,24): error TS2307: Cannot find module '@/components/ui/button' or its corresponding type declarations.
frontend/app/admin/analytics/page.tsx(4,75): error TS2307: Cannot find module '@/components/ui/card' or its corresponding type declarations.
frontend/app/admin/analytics/page.tsx(5,25): error TS2307: Cannot find module '@/hooks/useAuth' or its corresponding type declarations.
frontend/app/admin/analytics/page.tsx(6,61): error TS2307: Cannot find module '@/lib/api/analytics' or its corresponding type declarations.
frontend/app/admin/analytics/page.tsx(7,61): error TS2307: Cannot find module '@/types/analytics' or its corresponding type declarations.
frontend/app/admin/comments/[id]/page.tsx(3,23): error TS2307: Cannot find module '@/components/ui/badge' or its corresponding type declarations.
frontend/app/admin/comments/[id]/page.tsx(4,24): error TS2307: Cannot find module '@/components/ui/button' or its corresponding type declarations.
frontend/app/admin/comments/[id]/page.tsx(5,75): error TS2307: Cannot find module '@/components/ui/card' or its corresponding type declarations.
frontend/app/admin/comments/[id]/page.tsx(6,27): error TS2307: Cannot find module '@/components/ui/separator' or its corresponding type declarations.
frontend/app/admin/comments/[id]/page.tsx(7,26): error TS2307: Cannot find module '@/components/ui/skeleton' or its corresponding type declarations.
frontend/app/admin/comments/[id]/page.tsx(14,8): error TS2307: Cannot find module '@/lib/api/admin-apis/comments' or its corresponding type declarations.
frontend/app/admin/comments/page.tsx(3,23): error TS2307: Cannot find module '@/components/ui/badge' or its corresponding type declarations.
frontend/app/admin/comments/page.tsx(4,24): error TS2307: Cannot find module '@/components/ui/button' or its corresponding type declarations.
frontend/app/admin/comments/page.tsx(5,75): error TS2307: Cannot find module '@/components/ui/card' or its corresponding type declarations.
frontend/app/admin/comments/page.tsx(6,26): error TS2307: Cannot find module '@/components/ui/checkbox' or its corresponding type declarations.
frontend/app/admin/comments/page.tsx(13,8): error TS2307: Cannot find module '@/components/ui/dropdown-menu' or its corresponding type declarations.
frontend/app/admin/comments/page.tsx(14,23): error TS2307: Cannot find module '@/components/ui/input' or its corresponding type declarations.
frontend/app/admin/comments/page.tsx(21,8): error TS2307: Cannot find module '@/components/ui/select' or its corresponding type declarations.
frontend/app/admin/comments/page.tsx(22,26): error TS2307: Cannot find module '@/components/ui/skeleton' or its corresponding type declarations.
frontend/app/admin/comments/page.tsx(30,8): error TS2307: Cannot find module '@/components/ui/table' or its corresponding type declarations.
frontend/app/admin/comments/page.tsx(31,29): error TS2307: Cannot find module '@/hooks/useComments' or its corresponding type declarations.
frontend/app/admin/layout.tsx(1,25): error TS2307: Cannot find module '@/components/layout/admin-layout' or its corresponding type declarations.
frontend/app/admin/layout.tsx(2,28): error TS2307: Cannot find module '@/components/auth/AdminGuard' or its corresponding type declarations.
frontend/app/admin/page.tsx(7,75): error TS2307: Cannot find module '@/components/ui/card' or its corresponding type declarations.
frontend/app/admin/page.tsx(8,25): error TS2307: Cannot find module '@/hooks/useAuth' or its corresponding type declarations.
frontend/app/admin/page.tsx(9,26): error TS2307: Cannot find module '@/hooks/useUsers' or its corresponding type declarations.
frontend/app/admin/posts/[id]/page.tsx(3,23): error TS2307: Cannot find module '@/components/ui/badge' or its corresponding type declarations.
frontend/app/admin/posts/[id]/page.tsx(4,24): error TS2307: Cannot find module '@/components/ui/button' or its corresponding type declarations.
frontend/app/admin/posts/[id]/page.tsx(5,75): error TS2307: Cannot find module '@/components/ui/card' or its corresponding type declarations.
frontend/app/admin/posts/[id]/page.tsx(6,23): error TS2307: Cannot find module '@/hooks/use-toast' or its corresponding type declarations.
frontend/app/admin/posts/[id]/page.tsx(13,8): error TS2307: Cannot find module '@/lib/api/admin-apis/posts' or its corresponding type declarations.
frontend/app/admin/posts/page.tsx(3,23): error TS2307: Cannot find module '@/components/ui/badge' or its corresponding type declarations.
frontend/app/admin/posts/page.tsx(4,24): error TS2307: Cannot find module '@/components/ui/button' or its corresponding type declarations.
frontend/app/admin/posts/page.tsx(5,75): error TS2307: Cannot find module '@/components/ui/card' or its corresponding type declarations.
frontend/app/admin/posts/page.tsx(6,26): error TS2307: Cannot find module '@/components/ui/checkbox' or its corresponding type declarations.
frontend/app/admin/posts/page.tsx(14,8): error TS2307: Cannot find module '@/components/ui/dropdown-menu' or its corresponding type declarations.
frontend/app/admin/posts/page.tsx(15,23): error TS2307: Cannot find module '@/components/ui/input' or its corresponding type declarations.
frontend/app/admin/posts/page.tsx(16,23): error TS2307: Cannot find module '@/components/ui/label' or its corresponding type declarations.
frontend/app/admin/posts/page.tsx(23,8): error TS2307: Cannot find module '@/components/ui/select' or its corresponding type declarations.
frontend/app/admin/posts/page.tsx(31,8): error TS2307: Cannot find module '@/components/ui/table' or its corresponding type declarations.
frontend/app/admin/posts/page.tsx(32,23): error TS2307: Cannot find module '@/hooks/use-toast' or its corresponding type declarations.
frontend/app/admin/posts/page.tsx(33,26): error TS2307: Cannot find module '@/hooks/usePosts' or its corresponding type declarations.
frontend/app/admin/posts/page.tsx(34,27): error TS2307: Cannot find module '@/store/posts' or its corresponding type declarations.
frontend/app/admin/settings/page.tsx(3,24): error TS2307: Cannot find module '@/components/ui/button' or its corresponding type declarations.
frontend/app/admin/settings/page.tsx(4,75): error TS2307: Cannot find module '@/components/ui/card' or its corresponding type declarations.
frontend/app/admin/settings/page.tsx(5,23): error TS2307: Cannot find module '@/components/ui/input' or its corresponding type declarations.
frontend/app/admin/settings/page.tsx(6,23): error TS2307: Cannot find module '@/components/ui/label' or its corresponding type declarations.
frontend/app/admin/settings/page.tsx(7,24): error TS2307: Cannot find module '@/components/ui/switch' or its corresponding type declarations.
frontend/app/admin/settings/page.tsx(8,25): error TS2307: Cannot find module '@/hooks/useAuth' or its corresponding type declarations.
frontend/app/admin/users/[id]/page.tsx(3,23): error TS2307: Cannot find module '@/components/ui/badge' or its corresponding type declarations.
frontend/app/admin/users/[id]/page.tsx(4,24): error TS2307: Cannot find module '@/components/ui/button' or its corresponding type declarations.
frontend/app/admin/users/[id]/page.tsx(5,75): error TS2307: Cannot find module '@/components/ui/card' or its corresponding type declarations.
frontend/app/admin/users/[id]/page.tsx(6,27): error TS2307: Cannot find module '@/components/ui/separator' or its corresponding type declarations.
frontend/app/admin/users/[id]/page.tsx(14,8): error TS2307: Cannot find module '@/lib/api/admin-apis/users' or its corresponding type declarations.
frontend/app/admin/users/[id]/page.tsx(15,22): error TS2307: Cannot find module '@/types/index' or its corresponding type declarations.
frontend/app/admin/users/page.tsx(12,8): error TS2307: Cannot find module '@/components/ui/alert-dialog' or its corresponding type declarations.
frontend/app/admin/users/page.tsx(13,23): error TS2307: Cannot find module '@/components/ui/badge' or its corresponding type declarations.
frontend/app/admin/users/page.tsx(14,24): error TS2307: Cannot find module '@/components/ui/button' or its corresponding type declarations.
frontend/app/admin/users/page.tsx(15,75): error TS2307: Cannot find module '@/components/ui/card' or its corresponding type declarations.
frontend/app/admin/users/page.tsx(22,8): error TS2307: Cannot find module '@/components/ui/dropdown-menu' or its corresponding type declarations.
frontend/app/admin/users/page.tsx(23,23): error TS2307: Cannot find module '@/components/ui/input' or its corresponding type declarations.
frontend/app/admin/users/page.tsx(30,8): error TS2307: Cannot find module '@/components/ui/select' or its corresponding type declarations.
frontend/app/admin/users/page.tsx(38,8): error TS2307: Cannot find module '@/components/ui/table' or its corresponding type declarations.
frontend/app/admin/users/page.tsx(39,26): error TS2307: Cannot find module '@/hooks/useUsers' or its corresponding type declarations.
frontend/app/admin/users/page.tsx(40,27): error TS2307: Cannot find module '@/store/users' or its corresponding type declarations.
frontend/app/auth/layout.tsx(3,22): error TS2307: Cannot find module '@/components/ui/card' or its corresponding type declarations.
frontend/app/auth/layout.tsx(4,25): error TS2307: Cannot find module '@/hooks/useAuth' or its corresponding type declarations.
frontend/app/auth/login/page.tsx(1,27): error TS2307: Cannot find module '@/components/auth/login-form' or its corresponding type declarations.
frontend/app/auth/password-reset/confirm/page.tsx(3,35): error TS2307: Cannot find module '@/components/auth/password-reset-form' or its corresponding type declarations.
frontend/app/auth/password-reset/confirm/page.tsx(4,41): error TS2307: Cannot find module '@/components/ui/alert' or its corresponding type declarations.
frontend/app/auth/password-reset/confirm/page.tsx(5,24): error TS2307: Cannot find module '@/components/ui/button' or its corresponding type declarations.
frontend/app/auth/password-reset/confirm/page.tsx(6,75): error TS2307: Cannot find module '@/components/ui/card' or its corresponding type declarations.
frontend/app/auth/password-reset/page.tsx(1,42): error TS2307: Cannot find module '@/components/auth/password-reset-request-form' or its corresponding type declarations.
frontend/app/auth/register/page.tsx(1,30): error TS2307: Cannot find module '@/components/auth/register-form' or its corresponding type declarations.
frontend/app/forbidden/page.tsx(3,25): error TS2307: Cannot find module '@/hooks/useAuth' or its corresponding type declarations.
frontend/app/layout.tsx(1,25): error TS2307: Cannot find module '@/components/ui/toaster' or its corresponding type declarations.
frontend/app/layout.tsx(2,24): error TS2307: Cannot find module '@/components/layout/user-layout' or its corresponding type declarations.
frontend/app/layout.tsx(3,30): error TS2307: Cannot find module '@/providers/AuthProvider' or its corresponding type declarations.
frontend/app/notifications/page.tsx(3,34): error TS2307: Cannot find module '@/hooks/useNotifications' or its corresponding type declarations.
frontend/app/notifications/page.tsx(4,31): error TS2307: Cannot find module '@/store/users' or its corresponding type declarations.
frontend/app/page.tsx(3,28): error TS2307: Cannot find module '@/components/features/posts/CreatePostForm' or its corresponding type declarations.
frontend/app/page.tsx(4,22): error TS2307: Cannot find module '@/components/features/posts/PostList' or its corresponding type declarations.
frontend/app/page.tsx(5,25): error TS2307: Cannot find module '@/hooks/useAuth' or its corresponding type declarations.
frontend/app/page.tsx(9,28): error TS2307: Cannot find module '@/components/root/CommunityStats' or its corresponding type declarations.
frontend/app/page.tsx(10,29): error TS2307: Cannot find module '@/components/root/GuestUserNotice' or its corresponding type declarations.
frontend/app/page.tsx(11,25): error TS2307: Cannot find module '@/components/root/LiveMatches' or its corresponding type declarations.
frontend/app/page.tsx(12,28): error TS2307: Cannot find module '@/components/root/MainNavigation' or its corresponding type declarations.
frontend/app/page.tsx(13,30): error TS2307: Cannot find module '@/components/root/PostCreationArea' or its corresponding type declarations.
frontend/app/page.tsx(14,29): error TS2307: Cannot find module '@/components/root/PostFeedFilters' or its corresponding type declarations.
frontend/app/page.tsx(15,26): error TS2307: Cannot find module '@/components/root/QuickActions' or its corresponding type declarations.
frontend/app/page.tsx(16,24): error TS2307: Cannot find module '@/components/root/QuickStats' or its corresponding type declarations.
frontend/app/page.tsx(17,28): error TS2307: Cannot find module '@/components/root/RecentActivity' or its corresponding type declarations.
frontend/app/page.tsx(18,29): error TS2307: Cannot find module '@/components/root/TopContributors' or its corresponding type declarations.
frontend/app/page.tsx(19,28): error TS2307: Cannot find module '@/components/root/TrendingTopics' or its corresponding type declarations.
frontend/app/page.tsx(20,34): error TS2307: Cannot find module '@/components/root/UserProfileQuickView' or its corresponding type declarations.
frontend/app/page.tsx(21,27): error TS2307: Cannot find module '@/components/root/WelcomeHeader' or its corresponding type declarations.
frontend/app/posts/[id]/edit/page.tsx(10,24): error TS2307: Cannot find module '@/components/ui/button' or its corresponding type declarations.
frontend/app/posts/[id]/edit/page.tsx(11,58): error TS2307: Cannot find module '@/components/ui/card' or its corresponding type declarations.
frontend/app/posts/[id]/edit/page.tsx(12,26): error TS2307: Cannot find module '@/components/ui/checkbox' or its corresponding type declarations.
frontend/app/posts/[id]/edit/page.tsx(13,23): error TS2307: Cannot find module '@/components/ui/input' or its corresponding type declarations.
frontend/app/posts/[id]/edit/page.tsx(14,23): error TS2307: Cannot find module '@/components/ui/label' or its corresponding type declarations.
frontend/app/posts/[id]/edit/page.tsx(21,8): error TS2307: Cannot find module '@/components/ui/select' or its corresponding type declarations.
frontend/app/posts/[id]/edit/page.tsx(22,26): error TS2307: Cannot find module '@/components/ui/textarea' or its corresponding type declarations.
frontend/app/posts/[id]/edit/page.tsx(23,23): error TS2307: Cannot find module '@/hooks/use-toast' or its corresponding type declarations.
frontend/app/posts/[id]/edit/page.tsx(24,25): error TS2307: Cannot find module '@/hooks/useAuth' or its corresponding type declarations.
frontend/app/posts/[id]/edit/page.tsx(25,26): error TS2307: Cannot find module '@/hooks/usePosts' or its corresponding type declarations.
frontend/app/posts/[id]/edit/page.tsx(26,32): error TS2307: Cannot find module '@/store/posts' or its corresponding type declarations.
frontend/app/posts/[id]/page.tsx(27,25): error TS2307: Cannot find module '@/components/features/comments/CommentList' or its corresponding type declarations.
frontend/app/posts/[id]/page.tsx(28,53): error TS2307: Cannot find module '@/components/ui/avatar' or its corresponding type declarations.
frontend/app/posts/[id]/page.tsx(29,23): error TS2307: Cannot find module '@/components/ui/badge' or its corresponding type declarations.
frontend/app/posts/[id]/page.tsx(30,24): error TS2307: Cannot find module '@/components/ui/button' or its corresponding type declarations.
frontend/app/posts/[id]/page.tsx(31,47): error TS2307: Cannot find module '@/components/ui/card' or its corresponding type declarations.
frontend/app/posts/[id]/page.tsx(32,27): error TS2307: Cannot find module '@/components/ui/separator' or its corresponding type declarations.
frontend/app/posts/[id]/page.tsx(33,23): error TS2307: Cannot find module '@/hooks/use-toast' or its corresponding type declarations.
frontend/app/posts/[id]/page.tsx(34,25): error TS2307: Cannot find module '@/hooks/useAuth' or its corresponding type declarations.
frontend/app/posts/[id]/page.tsx(35,26): error TS2307: Cannot find module '@/hooks/usePosts' or its corresponding type declarations.
frontend/app/posts/create/page.tsx(10,24): error TS2307: Cannot find module '@/components/ui/button' or its corresponding type declarations.
frontend/app/posts/create/page.tsx(11,58): error TS2307: Cannot find module '@/components/ui/card' or its corresponding type declarations.
frontend/app/posts/create/page.tsx(12,26): error TS2307: Cannot find module '@/components/ui/checkbox' or its corresponding type declarations.
frontend/app/posts/create/page.tsx(13,23): error TS2307: Cannot find module '@/components/ui/input' or its corresponding type declarations.
frontend/app/posts/create/page.tsx(14,23): error TS2307: Cannot find module '@/components/ui/label' or its corresponding type declarations.
frontend/app/posts/create/page.tsx(21,8): error TS2307: Cannot find module '@/components/ui/select' or its corresponding type declarations.
frontend/app/posts/create/page.tsx(22,26): error TS2307: Cannot find module '@/components/ui/textarea' or its corresponding type declarations.
frontend/app/posts/create/page.tsx(23,23): error TS2307: Cannot find module '@/hooks/use-toast' or its corresponding type declarations.
frontend/app/posts/create/page.tsx(24,25): error TS2307: Cannot find module '@/hooks/useAuth' or its corresponding type declarations.
frontend/app/posts/create/page.tsx(25,26): error TS2307: Cannot find module '@/hooks/usePosts' or its corresponding type declarations.
frontend/app/posts/create/page.tsx(26,32): error TS2307: Cannot find module '@/store/posts' or its corresponding type declarations.
frontend/app/profile/[id]/page.tsx(5,24): error TS2307: Cannot find module '@/components/ui/button' or its corresponding type declarations.
frontend/app/profile/[id]/page.tsx(6,35): error TS2307: Cannot find module '@/components/ui/card' or its corresponding type declarations.
frontend/app/profile/[id]/page.tsx(7,22): error TS2307: Cannot find module '@/components/user/PostList' or its corresponding type declarations.
frontend/app/profile/[id]/page.tsx(8,29): error TS2307: Cannot find module '@/components/user/UserProfileCard' or its corresponding type declarations.
frontend/app/profile/[id]/page.tsx(9,62): error TS2307: Cannot find module '@/components/user/profile' or its corresponding type declarations.
frontend/app/profile/[id]/page.tsx(10,26): error TS2307: Cannot find module '@/hooks/use-toast' or its corresponding type declarations.
frontend/app/profile/[id]/page.tsx(11,25): error TS2307: Cannot find module '@/hooks/useAuth' or its corresponding type declarations.
frontend/app/profile/[id]/page.tsx(12,26): error TS2307: Cannot find module '@/hooks/usePosts' or its corresponding type declarations.
frontend/app/profile/[id]/page.tsx(13,26): error TS2307: Cannot find module '@/hooks/useUsers' or its corresponding type declarations.
frontend/app/profile/[id]/page.tsx(14,22): error TS2307: Cannot find module '@/store/posts' or its corresponding type declarations.
frontend/app/profile/[id]/page.tsx(15,29): error TS2307: Cannot find module '@/store/users' or its corresponding type declarations.
frontend/app/profile/change-email/page.tsx(3,27): error TS2307: Cannot find module '@/components/auth/AuthGuard' or its corresponding type declarations.
frontend/app/profile/change-email/page.tsx(4,41): error TS2307: Cannot find module '@/components/ui/alert' or its corresponding type declarations.
frontend/app/profile/change-email/page.tsx(5,24): error TS2307: Cannot find module '@/components/ui/button' or its corresponding type declarations.
frontend/app/profile/change-email/page.tsx(6,58): error TS2307: Cannot find module '@/components/ui/card' or its corresponding type declarations.
frontend/app/profile/change-email/page.tsx(7,23): error TS2307: Cannot find module '@/components/ui/input' or its corresponding type declarations.
frontend/app/profile/change-email/page.tsx(8,23): error TS2307: Cannot find module '@/components/ui/label' or its corresponding type declarations.
frontend/app/profile/change-email/page.tsx(9,26): error TS2307: Cannot find module '@/hooks/use-toast' or its corresponding type declarations.
frontend/app/profile/change-email/page.tsx(10,25): error TS2307: Cannot find module '@/hooks/useAuth' or its corresponding type declarations.
frontend/app/profile/change-email/page.tsx(11,26): error TS2307: Cannot find module '@/hooks/useUsers' or its corresponding type declarations.
frontend/app/profile/change-password/page.tsx(3,27): error TS2307: Cannot find module '@/components/auth/AuthGuard' or its corresponding type declarations.
frontend/app/profile/change-password/page.tsx(4,41): error TS2307: Cannot find module '@/components/ui/alert' or its corresponding type declarations.
frontend/app/profile/change-password/page.tsx(5,24): error TS2307: Cannot find module '@/components/ui/button' or its corresponding type declarations.
frontend/app/profile/change-password/page.tsx(6,58): error TS2307: Cannot find module '@/components/ui/card' or its corresponding type declarations.
frontend/app/profile/change-password/page.tsx(7,23): error TS2307: Cannot find module '@/components/ui/input' or its corresponding type declarations.
frontend/app/profile/change-password/page.tsx(8,23): error TS2307: Cannot find module '@/components/ui/label' or its corresponding type declarations.
frontend/app/profile/change-password/page.tsx(9,26): error TS2307: Cannot find module '@/hooks/use-toast' or its corresponding type declarations.
frontend/app/profile/change-password/page.tsx(10,25): error TS2307: Cannot find module '@/hooks/useAuth' or its corresponding type declarations.
frontend/app/profile/change-password/page.tsx(11,26): error TS2307: Cannot find module '@/hooks/useUsers' or its corresponding type declarations.
frontend/app/profile/edit/page.tsx(3,41): error TS2307: Cannot find module '@/components/ui/alert' or its corresponding type declarations.
frontend/app/profile/edit/page.tsx(4,53): error TS2307: Cannot find module '@/components/ui/avatar' or its corresponding type declarations.
frontend/app/profile/edit/page.tsx(5,24): error TS2307: Cannot find module '@/components/ui/button' or its corresponding type declarations.
frontend/app/profile/edit/page.tsx(6,58): error TS2307: Cannot find module '@/components/ui/card' or its corresponding type declarations.
frontend/app/profile/edit/page.tsx(7,23): error TS2307: Cannot find module '@/components/ui/input' or its corresponding type declarations.
frontend/app/profile/edit/page.tsx(8,23): error TS2307: Cannot find module '@/components/ui/label' or its corresponding type declarations.
frontend/app/profile/edit/page.tsx(9,27): error TS2307: Cannot find module '@/components/ui/separator' or its corresponding type declarations.
frontend/app/profile/edit/page.tsx(10,26): error TS2307: Cannot find module '@/components/ui/textarea' or its corresponding type declarations.
frontend/app/profile/edit/page.tsx(11,26): error TS2307: Cannot find module '@/hooks/use-toast' or its corresponding type declarations.
frontend/app/profile/edit/page.tsx(12,25): error TS2307: Cannot find module '@/hooks/useAuth' or its corresponding type declarations.
frontend/app/profile/edit/page.tsx(13,26): error TS2307: Cannot find module '@/hooks/useUsers' or its corresponding type declarations.
frontend/app/profile/page.tsx(5,27): error TS2307: Cannot find module '@/components/auth/AuthGuard' or its corresponding type declarations.
frontend/app/profile/page.tsx(6,24): error TS2307: Cannot find module '@/components/ui/button' or its corresponding type declarations.
frontend/app/profile/page.tsx(7,58): error TS2307: Cannot find module '@/components/ui/card' or its corresponding type declarations.
frontend/app/profile/page.tsx(8,22): error TS2307: Cannot find module '@/components/user/PostList' or its corresponding type declarations.
frontend/app/profile/page.tsx(9,29): error TS2307: Cannot find module '@/components/user/UserProfileCard' or its corresponding type declarations.
frontend/app/profile/page.tsx(10,62): error TS2307: Cannot find module '@/components/user/profile' or its corresponding type declarations.
frontend/app/profile/page.tsx(11,26): error TS2307: Cannot find module '@/hooks/use-toast' or its corresponding type declarations.
frontend/app/profile/page.tsx(12,25): error TS2307: Cannot find module '@/hooks/useAuth' or its corresponding type declarations.
frontend/app/profile/page.tsx(13,26): error TS2307: Cannot find module '@/hooks/usePosts' or its corresponding type declarations.
frontend/app/profile/page.tsx(14,26): error TS2307: Cannot find module '@/hooks/useUsers' or its corresponding type declarations.
frontend/app/profile/page.tsx(15,22): error TS2307: Cannot find module '@/store/posts' or its corresponding type declarations.
frontend/app/profile/page.tsx(16,29): error TS2307: Cannot find module '@/store/users' or its corresponding type declarations.
frontend/app/profile/settings/page.tsx(3,27): error TS2307: Cannot find module '@/components/auth/AuthGuard' or its corresponding type declarations.
frontend/app/profile/settings/page.tsx(4,24): error TS2307: Cannot find module '@/components/ui/button' or its corresponding type declarations.
frontend/app/profile/settings/page.tsx(5,58): error TS2307: Cannot find module '@/components/ui/card' or its corresponding type declarations.
frontend/app/profile/settings/page.tsx(6,23): error TS2307: Cannot find module '@/components/ui/label' or its corresponding type declarations.
frontend/app/profile/settings/page.tsx(7,27): error TS2307: Cannot find module '@/components/ui/separator' or its corresponding type declarations.
frontend/app/profile/settings/page.tsx(8,24): error TS2307: Cannot find module '@/components/ui/switch' or its corresponding type declarations.
frontend/app/profile/settings/page.tsx(9,26): error TS2307: Cannot find module '@/hooks/use-toast' or its corresponding type declarations.
frontend/app/profile/settings/page.tsx(10,25): error TS2307: Cannot find module '@/hooks/useAuth' or its corresponding type declarations.
frontend/components/auth/AdminGuard.tsx(3,25): error TS2307: Cannot find module '@/hooks/useAuth' or its corresponding type declarations.
frontend/components/auth/AuthGuard.tsx(3,25): error TS2307: Cannot find module '@/hooks/useAuth' or its corresponding type declarations.
frontend/components/auth/login-form.tsx(3,41): error TS2307: Cannot find module '@/components/ui/alert' or its corresponding type declarations.
frontend/components/auth/login-form.tsx(4,24): error TS2307: Cannot find module '@/components/ui/button' or its corresponding type declarations.
frontend/components/auth/login-form.tsx(5,75): error TS2307: Cannot find module '@/components/ui/card' or its corresponding type declarations.
frontend/components/auth/login-form.tsx(6,26): error TS2307: Cannot find module '@/components/ui/checkbox' or its corresponding type declarations.
frontend/components/auth/login-form.tsx(7,23): error TS2307: Cannot find module '@/components/ui/input' or its corresponding type declarations.
frontend/components/auth/login-form.tsx(8,23): error TS2307: Cannot find module '@/components/ui/label' or its corresponding type declarations.
frontend/components/auth/login-form.tsx(9,27): error TS2307: Cannot find module '@/components/ui/separator' or its corresponding type declarations.
frontend/components/auth/login-form.tsx(10,25): error TS2307: Cannot find module '@/hooks/useAuth' or its corresponding type declarations.
frontend/components/auth/login-form.tsx(11,42): error TS2307: Cannot find module '@/lib/deviceFingerprint' or its corresponding type declarations.
frontend/components/auth/password-reset-form.tsx(3,41): error TS2307: Cannot find module '@/components/ui/alert' or its corresponding type declarations.
frontend/components/auth/password-reset-form.tsx(4,24): error TS2307: Cannot find module '@/components/ui/button' or its corresponding type declarations.
frontend/components/auth/password-reset-form.tsx(5,23): error TS2307: Cannot find module '@/components/ui/input' or its corresponding type declarations.
frontend/components/auth/password-reset-form.tsx(6,23): error TS2307: Cannot find module '@/components/ui/label' or its corresponding type declarations.
frontend/components/auth/password-reset-request-form.tsx(3,41): error TS2307: Cannot find module '@/components/ui/alert' or its corresponding type declarations.
frontend/components/auth/password-reset-request-form.tsx(4,24): error TS2307: Cannot find module '@/components/ui/button' or its corresponding type declarations.
frontend/components/auth/password-reset-request-form.tsx(5,23): error TS2307: Cannot find module '@/components/ui/input' or its corresponding type declarations.
frontend/components/auth/password-reset-request-form.tsx(6,23): error TS2307: Cannot find module '@/components/ui/label' or its corresponding type declarations.
frontend/components/auth/register-form.tsx(3,41): error TS2307: Cannot find module '@/components/ui/alert' or its corresponding type declarations.
frontend/components/auth/register-form.tsx(4,24): error TS2307: Cannot find module '@/components/ui/button' or its corresponding type declarations.
frontend/components/auth/register-form.tsx(5,75): error TS2307: Cannot find module '@/components/ui/card' or its corresponding type declarations.
frontend/components/auth/register-form.tsx(6,26): error TS2307: Cannot find module '@/components/ui/checkbox' or its corresponding type declarations.
frontend/components/auth/register-form.tsx(7,23): error TS2307: Cannot find module '@/components/ui/input' or its corresponding type declarations.
frontend/components/auth/register-form.tsx(8,23): error TS2307: Cannot find module '@/components/ui/label' or its corresponding type declarations.
frontend/components/auth/register-form.tsx(9,27): error TS2307: Cannot find module '@/components/ui/separator' or its corresponding type declarations.
frontend/components/auth/register-form.tsx(10,25): error TS2307: Cannot find module '@/hooks/useAuth' or its corresponding type declarations.
frontend/components/auth/register-form.tsx(11,42): error TS2307: Cannot find module '@/lib/deviceFingerprint' or its corresponding type declarations.
frontend/components/auth/register-form.tsx(12,30): error TS2307: Cannot find module '@/types' or its corresponding type declarations.
frontend/components/auth/RoleGuard.tsx(3,25): error TS2307: Cannot find module '@/hooks/useAuth' or its corresponding type declarations.
frontend/components/auth/RoleGuard.tsx(4,26): error TS2307: Cannot find module '@/types' or its corresponding type declarations.
frontend/components/features/admin/AdminNavbar.tsx(3,53): error TS2307: Cannot find module '@/components/ui/avatar' or its corresponding type declarations.
frontend/components/features/admin/AdminNavbar.tsx(4,23): error TS2307: Cannot find module '@/components/ui/badge' or its corresponding type declarations.
frontend/components/features/admin/AdminNavbar.tsx(12,8): error TS2307: Cannot find module '@/components/ui/breadcrumb' or its corresponding type declarations.
frontend/components/features/admin/AdminNavbar.tsx(13,24): error TS2307: Cannot find module '@/components/ui/button' or its corresponding type declarations.
frontend/components/features/admin/AdminNavbar.tsx(21,8): error TS2307: Cannot find module '@/components/ui/dropdown-menu' or its corresponding type declarations.
frontend/components/features/admin/AdminNavbar.tsx(22,23): error TS2307: Cannot find module '@/components/ui/input' or its corresponding type declarations.
frontend/components/features/admin/AdminNavbar.tsx(23,32): error TS2307: Cannot find module '@/components/ui/sidebar' or its corresponding type declarations.
frontend/components/features/admin/AdminNavbar.tsx(24,25): error TS2307: Cannot find module '@/hooks/useAuth' or its corresponding type declarations.
frontend/components/features/admin/AdminNotifications.tsx(1,23): error TS2307: Cannot find module '@/components/ui/badge' or its corresponding type declarations.
frontend/components/features/admin/AdminNotifications.tsx(2,24): error TS2307: Cannot find module '@/components/ui/button' or its corresponding type declarations.
frontend/components/features/admin/AdminNotifications.tsx(10,8): error TS2307: Cannot find module '@/components/ui/dropdown-menu' or its corresponding type declarations.
frontend/components/features/admin/AdminQuickActions.tsx(1,24): error TS2307: Cannot find module '@/components/ui/button' or its corresponding type declarations.
frontend/components/features/admin/AdminQuickActions.tsx(9,8): error TS2307: Cannot find module '@/components/ui/dropdown-menu' or its corresponding type declarations.
frontend/components/features/admin/AdminSidebar.tsx(3,23): error TS2307: Cannot find module '@/components/ui/badge' or its corresponding type declarations.
frontend/components/features/admin/AdminSidebar.tsx(4,24): error TS2307: Cannot find module '@/components/ui/button' or its corresponding type declarations.
frontend/components/features/admin/AdminSidebar.tsx(17,8): error TS2307: Cannot find module '@/components/ui/sidebar' or its corresponding type declarations.
frontend/components/features/admin/AdminSidebar.tsx(18,25): error TS2307: Cannot find module '@/hooks/useAuth' or its corresponding type declarations.
frontend/components/features/comments/CommentCard.tsx(19,53): error TS2307: Cannot find module '@/components/ui/avatar' or its corresponding type declarations.
frontend/components/features/comments/CommentCard.tsx(20,24): error TS2307: Cannot find module '@/components/ui/button' or its corresponding type declarations.
frontend/components/features/comments/CommentCard.tsx(21,35): error TS2307: Cannot find module '@/components/ui/card' or its corresponding type declarations.
frontend/components/features/comments/CommentCard.tsx(27,8): error TS2307: Cannot find module '@/components/ui/dropdown-menu' or its corresponding type declarations.
frontend/components/features/comments/CommentCard.tsx(28,23): error TS2307: Cannot find module '@/hooks/use-toast' or its corresponding type declarations.
frontend/components/features/comments/CommentCard.tsx(29,25): error TS2307: Cannot find module '@/hooks/useAuth' or its corresponding type declarations.
frontend/components/features/comments/CommentCard.tsx(30,29): error TS2307: Cannot find module '@/hooks/useComments' or its corresponding type declarations.
frontend/components/features/comments/CommentCard.tsx(31,20): error TS2307: Cannot find module '@/lib/utils' or its corresponding type declarations.
frontend/components/features/comments/CommentCard.tsx(32,30): error TS2307: Cannot find module '@/store/comments' or its corresponding type declarations.
frontend/components/features/comments/CommentForm.tsx(6,53): error TS2307: Cannot find module '@/components/ui/avatar' or its corresponding type declarations.
frontend/components/features/comments/CommentForm.tsx(7,24): error TS2307: Cannot find module '@/components/ui/button' or its corresponding type declarations.
frontend/components/features/comments/CommentForm.tsx(8,35): error TS2307: Cannot find module '@/components/ui/card' or its corresponding type declarations.
frontend/components/features/comments/CommentForm.tsx(9,26): error TS2307: Cannot find module '@/components/ui/textarea' or its corresponding type declarations.
frontend/components/features/comments/CommentForm.tsx(10,23): error TS2307: Cannot find module '@/hooks/use-toast' or its corresponding type declarations.
frontend/components/features/comments/CommentForm.tsx(11,25): error TS2307: Cannot find module '@/hooks/useAuth' or its corresponding type declarations.
frontend/components/features/comments/CommentForm.tsx(12,29): error TS2307: Cannot find module '@/hooks/useComments' or its corresponding type declarations.
frontend/components/features/comments/CommentForm.tsx(13,20): error TS2307: Cannot find module '@/lib/utils' or its corresponding type declarations.
frontend/components/features/comments/CommentForm.tsx(14,68): error TS2307: Cannot find module '@/store/comments' or its corresponding type declarations.
frontend/components/features/comments/CommentList.tsx(6,24): error TS2307: Cannot find module '@/components/ui/button' or its corresponding type declarations.
frontend/components/features/comments/CommentList.tsx(7,58): error TS2307: Cannot find module '@/components/ui/card' or its corresponding type declarations.
frontend/components/features/comments/CommentList.tsx(14,8): error TS2307: Cannot find module '@/components/ui/select' or its corresponding type declarations.
frontend/components/features/comments/CommentList.tsx(15,23): error TS2307: Cannot find module '@/hooks/use-toast' or its corresponding type declarations.
frontend/components/features/comments/CommentList.tsx(16,25): error TS2307: Cannot find module '@/hooks/useAuth' or its corresponding type declarations.
frontend/components/features/comments/CommentList.tsx(17,29): error TS2307: Cannot find module '@/hooks/useComments' or its corresponding type declarations.
frontend/components/features/comments/CommentList.tsx(18,20): error TS2307: Cannot find module '@/lib/utils' or its corresponding type declarations.
frontend/components/features/comments/CommentList.tsx(19,50): error TS2307: Cannot find module '@/store/comments' or its corresponding type declarations.
frontend/components/features/notifications/NotificationsBell.tsx(3,57): error TS2307: Cannot find module '@/components/ui/popover' or its corresponding type declarations.
frontend/components/features/notifications/NotificationsBell.tsx(4,25): error TS2307: Cannot find module '@/hooks/useAuth' or its corresponding type declarations.
frontend/components/features/notifications/NotificationsBell.tsx(5,34): error TS2307: Cannot find module '@/hooks/useNotifications' or its corresponding type declarations.
frontend/components/features/notifications/NotificationsBell.tsx(43,27): error TS2307: Cannot find module '@/types' or its corresponding type declarations.
frontend/components/features/posts/CreatePostForm.tsx(6,23): error TS2307: Cannot find module '@/components/ui/badge' or its corresponding type declarations.
frontend/components/features/posts/CreatePostForm.tsx(7,24): error TS2307: Cannot find module '@/components/ui/button' or its corresponding type declarations.
frontend/components/features/posts/CreatePostForm.tsx(8,58): error TS2307: Cannot find module '@/components/ui/card' or its corresponding type declarations.
frontend/components/features/posts/CreatePostForm.tsx(9,23): error TS2307: Cannot find module '@/components/ui/input' or its corresponding type declarations.
frontend/components/features/posts/CreatePostForm.tsx(16,8): error TS2307: Cannot find module '@/components/ui/select' or its corresponding type declarations.
frontend/components/features/posts/CreatePostForm.tsx(17,24): error TS2307: Cannot find module '@/components/ui/switch' or its corresponding type declarations.
frontend/components/features/posts/CreatePostForm.tsx(18,26): error TS2307: Cannot find module '@/components/ui/textarea' or its corresponding type declarations.
frontend/components/features/posts/CreatePostForm.tsx(19,23): error TS2307: Cannot find module '@/hooks/use-toast' or its corresponding type declarations.
frontend/components/features/posts/CreatePostForm.tsx(20,25): error TS2307: Cannot find module '@/hooks/useAuth' or its corresponding type declarations.
frontend/components/features/posts/CreatePostForm.tsx(21,26): error TS2307: Cannot find module '@/hooks/usePosts' or its corresponding type declarations.
frontend/components/features/posts/CreatePostForm.tsx(22,32): error TS2307: Cannot find module '@/store/posts' or its corresponding type declarations.
frontend/components/features/posts/PostAuthorInfo.tsx(3,53): error TS2307: Cannot find module '@/components/ui/avatar' or its corresponding type declarations.
frontend/components/features/posts/PostAuthorInfo.tsx(4,36): error TS2307: Cannot find module '@/lib/date-utils' or its corresponding type declarations.
frontend/components/features/posts/PostAuthorInfo.tsx(5,41): error TS2307: Cannot find module '@/lib/post-utils' or its corresponding type declarations.
frontend/components/features/posts/PostBookmarkButton.tsx(3,24): error TS2307: Cannot find module '@/components/ui/button' or its corresponding type declarations.
frontend/components/features/posts/PostBookmarkButton.tsx(4,23): error TS2307: Cannot find module '@/hooks/use-toast' or its corresponding type declarations.
frontend/components/features/posts/PostBookmarkButton.tsx(5,26): error TS2307: Cannot find module '@/hooks/usePosts' or its corresponding type declarations.
frontend/components/features/posts/PostBookmarkButton.tsx(6,29): error TS2307: Cannot find module '@/lib/auth-utils' or its corresponding type declarations.
frontend/components/features/posts/PostCard.tsx(23,53): error TS2307: Cannot find module '@/components/ui/avatar' or its corresponding type declarations.
frontend/components/features/posts/PostCard.tsx(24,23): error TS2307: Cannot find module '@/components/ui/badge' or its corresponding type declarations.
frontend/components/features/posts/PostCard.tsx(25,24): error TS2307: Cannot find module '@/components/ui/button' or its corresponding type declarations.
frontend/components/features/posts/PostCard.tsx(26,47): error TS2307: Cannot find module '@/components/ui/card' or its corresponding type declarations.
frontend/components/features/posts/PostCard.tsx(27,23): error TS2307: Cannot find module '@/hooks/use-toast' or its corresponding type declarations.
frontend/components/features/posts/PostCard.tsx(28,25): error TS2307: Cannot find module '@/hooks/useAuth' or its corresponding type declarations.
frontend/components/features/posts/PostCard.tsx(29,26): error TS2307: Cannot find module '@/hooks/usePosts' or its corresponding type declarations.
frontend/components/features/posts/PostCard.tsx(30,22): error TS2307: Cannot find module '@/store/posts' or its corresponding type declarations.
frontend/components/features/posts/PostList.tsx(7,23): error TS2307: Cannot find module '@/components/ui/badge' or its corresponding type declarations.
frontend/components/features/posts/PostList.tsx(8,24): error TS2307: Cannot find module '@/components/ui/button' or its corresponding type declarations.
frontend/components/features/posts/PostList.tsx(9,35): error TS2307: Cannot find module '@/components/ui/card' or its corresponding type declarations.
frontend/components/features/posts/PostList.tsx(10,23): error TS2307: Cannot find module '@/components/ui/input' or its corresponding type declarations.
frontend/components/features/posts/PostList.tsx(17,8): error TS2307: Cannot find module '@/components/ui/select' or its corresponding type declarations.
frontend/components/features/posts/PostList.tsx(18,23): error TS2307: Cannot find module '@/hooks/use-toast' or its corresponding type declarations.
frontend/components/features/posts/PostList.tsx(19,25): error TS2307: Cannot find module '@/hooks/useAuth' or its corresponding type declarations.
frontend/components/features/posts/PostList.tsx(20,26): error TS2307: Cannot find module '@/hooks/usePosts' or its corresponding type declarations.
frontend/components/features/posts/PostList.tsx(21,22): error TS2307: Cannot find module '@/store/posts' or its corresponding type declarations.
frontend/components/features/posts/PostTypeBadge.tsx(3,23): error TS2307: Cannot find module '@/components/ui/badge' or its corresponding type declarations.
frontend/components/features/posts/PostTypeBadge.tsx(4,71): error TS2307: Cannot find module '@/lib/post-utils' or its corresponding type declarations.
frontend/components/features/posts/PostVoteButtons.tsx(3,24): error TS2307: Cannot find module '@/components/ui/button' or its corresponding type declarations.
frontend/components/features/posts/PostVoteButtons.tsx(4,23): error TS2307: Cannot find module '@/hooks/use-toast' or its corresponding type declarations.
frontend/components/features/posts/PostVoteButtons.tsx(5,26): error TS2307: Cannot find module '@/hooks/usePosts' or its corresponding type declarations.
frontend/components/features/posts/PostVoteButtons.tsx(6,29): error TS2307: Cannot find module '@/lib/auth-utils' or its corresponding type declarations.
frontend/components/features/posts/TipDetailsDisplay.tsx(3,31): error TS2307: Cannot find module '@/lib/post-utils' or its corresponding type declarations.
frontend/components/features/profile/ProfileActions.tsx(5,24): error TS2307: Cannot find module '@/components/ui/button' or its corresponding type declarations.
frontend/components/features/profile/ProfileActions.tsx(6,26): error TS2307: Cannot find module '@/hooks/use-toast' or its corresponding type declarations.
frontend/components/features/profile/ProfileActions.tsx(7,25): error TS2307: Cannot find module '@/hooks/useAuth' or its corresponding type declarations.
frontend/components/features/profile/ProfileActions.tsx(8,26): error TS2307: Cannot find module '@/hooks/useUsers' or its corresponding type declarations.
frontend/components/features/profile/ProfileActions.tsx(9,22): error TS2307: Cannot find module '@/types/index' or its corresponding type declarations.
frontend/components/features/profile/ProfileCard.tsx(5,47): error TS2307: Cannot find module '@/components/ui/card' or its corresponding type declarations.
frontend/components/features/profile/ProfileCard.tsx(6,27): error TS2307: Cannot find module '@/components/ui/separator' or its corresponding type declarations.
frontend/components/features/profile/ProfileCard.tsx(7,29): error TS2307: Cannot find module '@/lib/api/users' or its corresponding type declarations.
frontend/components/features/profile/ProfileContent.tsx(5,24): error TS2307: Cannot find module '@/components/ui/button' or its corresponding type declarations.
frontend/components/features/profile/ProfileContent.tsx(6,58): error TS2307: Cannot find module '@/components/ui/card' or its corresponding type declarations.
frontend/components/features/profile/ProfileContent.tsx(7,26): error TS2307: Cannot find module '@/components/ui/skeleton' or its corresponding type declarations.
frontend/components/features/profile/ProfileHeader.tsx(5,53): error TS2307: Cannot find module '@/components/ui/avatar' or its corresponding type declarations.
frontend/components/features/profile/ProfileHeader.tsx(6,23): error TS2307: Cannot find module '@/components/ui/badge' or its corresponding type declarations.
frontend/components/features/profile/ProfileHeader.tsx(7,26): error TS2307: Cannot find module '@/hooks' or its corresponding type declarations.
frontend/components/features/profile/ProfileHeader.tsx(8,20): error TS2307: Cannot find module '@/types/index' or its corresponding type declarations.
frontend/components/features/profile/ProfileSkeleton.tsx(5,47): error TS2307: Cannot find module '@/components/ui/card' or its corresponding type declarations.
frontend/components/features/profile/ProfileSkeleton.tsx(6,26): error TS2307: Cannot find module '@/components/ui/skeleton' or its corresponding type declarations.
frontend/components/features/profile/ProfileTabs.tsx(5,45): error TS2307: Cannot find module '@/components/ui/tabs' or its corresponding type declarations.
frontend/components/layout/admin-layout.tsx(3,47): error TS2307: Cannot find module '@/components/ui/sidebar' or its corresponding type declarations.
frontend/components/layout/admin-layout.tsx(4,25): error TS2307: Cannot find module '@/components/features/admin/AdminNavbar' or its corresponding type declarations.
frontend/components/layout/admin-layout.tsx(5,26): error TS2307: Cannot find module '@/components/features/admin/AdminSidebar' or its corresponding type declarations.
frontend/components/layout/Navbar.tsx(3,35): error TS2307: Cannot find module '@/components/features/notifications/NotificationsBell' or its corresponding type declarations.
frontend/components/layout/Navbar.tsx(4,25): error TS2307: Cannot find module '@/hooks/useAuth' or its corresponding type declarations.
frontend/components/layout/UserNavbarMenu.tsx(3,53): error TS2307: Cannot find module '@/components/ui/avatar' or its corresponding type declarations.
frontend/components/layout/UserNavbarMenu.tsx(4,23): error TS2307: Cannot find module '@/components/ui/badge' or its corresponding type declarations.
frontend/components/layout/UserNavbarMenu.tsx(5,24): error TS2307: Cannot find module '@/components/ui/button' or its corresponding type declarations.
frontend/components/layout/UserNavbarMenu.tsx(13,8): error TS2307: Cannot find module '@/components/ui/dropdown-menu' or its corresponding type declarations.
frontend/components/layout/UserNavbarMenu.tsx(14,25): error TS2307: Cannot find module '@/hooks/useAuth' or its corresponding type declarations.
frontend/components/root/CommunityStats.tsx(3,21): error TS2307: Cannot find module '@/components/shared/StatRow' or its corresponding type declarations.
frontend/components/root/CommunityStats.tsx(4,58): error TS2307: Cannot find module '@/components/ui/card' or its corresponding type declarations.
frontend/components/root/CommunityStats.tsx(11,8): error TS2307: Cannot find module '@/lib/community-utils' or its corresponding type declarations.
frontend/components/root/CommunityStats.tsx(12,54): error TS2307: Cannot find module '@/lib/ui-utils' or its corresponding type declarations.
frontend/components/root/GuestUserNotice.tsx(3,24): error TS2307: Cannot find module '@/components/ui/button' or its corresponding type declarations.
frontend/components/root/LiveMatches.tsx(3,25): error TS2307: Cannot find module '@/components/shared/CardWrapper' or its corresponding type declarations.
frontend/components/root/LiveMatches.tsx(4,25): error TS2307: Cannot find module '@/hooks/useAuth' or its corresponding type declarations.
frontend/components/root/LiveMatches.tsx(5,45): error TS2307: Cannot find module '@/lib/matches-utils' or its corresponding type declarations.
frontend/components/root/LiveMatchItem.tsx(2,23): error TS2307: Cannot find module '@/components/ui/badge' or its corresponding type declarations.
frontend/components/root/LiveMatchItem.tsx(8,8): error TS2307: Cannot find module '@/lib/matches-utils' or its corresponding type declarations.
frontend/components/root/LiveMatchItem.tsx(9,27): error TS2307: Cannot find module '@/lib/matches-utils' or its corresponding type declarations.
frontend/components/root/MainNavigation.tsx(3,24): error TS2307: Cannot find module '@/components/ui/button' or its corresponding type declarations.
frontend/components/root/MainNavigation.tsx(4,58): error TS2307: Cannot find module '@/components/ui/card' or its corresponding type declarations.
frontend/components/root/PostCreationArea.tsx(3,21): error TS2307: Cannot find module '@/components/shared/AuthCta' or its corresponding type declarations.
frontend/components/root/PostCreationArea.tsx(4,39): error TS2307: Cannot find module '@/components/shared/AuthenticatedPostCreation' or its corresponding type declarations.
frontend/components/root/PostCreationArea.tsx(5,25): error TS2307: Cannot find module '@/hooks/useAuth' or its corresponding type declarations.
frontend/components/root/PostCreationArea.tsx(6,32): error TS2307: Cannot find module '@/lib/post-creation-utils' or its corresponding type declarations.
frontend/components/root/PostFeedFilters.tsx(3,26): error TS2307: Cannot find module '@/components/shared/FilterButton' or its corresponding type declarations.
frontend/components/root/PostFeedFilters.tsx(4,45): error TS2307: Cannot find module '@/components/ui/card' or its corresponding type declarations.
frontend/components/root/PostFeedFilters.tsx(11,8): error TS2307: Cannot find module '@/lib/feed-filters-utils' or its corresponding type declarations.
frontend/components/root/QuickActions.tsx(3,28): error TS2307: Cannot find module '@/components/shared/FeaturePreview' or its corresponding type declarations.
frontend/components/root/QuickActions.tsx(4,31): error TS2307: Cannot find module '@/components/shared/QuickActionButton' or its corresponding type declarations.
frontend/components/root/QuickActions.tsx(5,58): error TS2307: Cannot find module '@/components/ui/card' or its corresponding type declarations.
frontend/components/root/QuickActions.tsx(6,25): error TS2307: Cannot find module '@/hooks/useAuth' or its corresponding type declarations.
frontend/components/root/QuickActions.tsx(12,8): error TS2307: Cannot find module '@/lib/quick-actions-utils' or its corresponding type declarations.
frontend/components/root/QuickStats.tsx(3,31): error TS2307: Cannot find module '@/components/shared/StatItemComponent' or its corresponding type declarations.
frontend/components/root/QuickStats.tsx(4,58): error TS2307: Cannot find module '@/components/ui/card' or its corresponding type declarations.
frontend/components/root/QuickStats.tsx(11,8): error TS2307: Cannot find module '@/lib/stats-utils' or its corresponding type declarations.
frontend/components/root/QuickStats.tsx(12,54): error TS2307: Cannot find module '@/lib/ui-utils' or its corresponding type declarations.
frontend/components/root/RecentActivity.tsx(3,35): error TS2307: Cannot find module '@/components/shared/ActivityItemComponent' or its corresponding type declarations.
frontend/components/root/RecentActivity.tsx(4,58): error TS2307: Cannot find module '@/components/ui/card' or its corresponding type declarations.
frontend/components/root/RecentActivity.tsx(10,8): error TS2307: Cannot find module '@/lib/activity-utils' or its corresponding type declarations.
frontend/components/root/RecentActivity.tsx(11,54): error TS2307: Cannot find module '@/lib/ui-utils' or its corresponding type declarations.
frontend/components/root/TopContributors.tsx(3,25): error TS2307: Cannot find module '@/components/shared/CardWrapper' or its corresponding type declarations.
frontend/components/root/TopContributors.tsx(4,26): error TS2307: Cannot find module '@/components/shared/UserListItem' or its corresponding type declarations.
frontend/components/root/TopContributors.tsx(5,68): error TS2307: Cannot find module '@/lib/community-utils' or its corresponding type declarations.
frontend/components/root/TrendingTopics.tsx(3,25): error TS2307: Cannot find module '@/components/shared/CardWrapper' or its corresponding type declarations.
frontend/components/root/TrendingTopics.tsx(4,22): error TS2307: Cannot find module '@/components/shared/ListItem' or its corresponding type declarations.
frontend/components/root/TrendingTopics.tsx(5,70): error TS2307: Cannot find module '@/lib/trending-utils' or its corresponding type declarations.
frontend/components/root/UserProfileQuickView.tsx(3,53): error TS2307: Cannot find module '@/components/ui/avatar' or its corresponding type declarations.
frontend/components/root/UserProfileQuickView.tsx(4,23): error TS2307: Cannot find module '@/components/ui/badge' or its corresponding type declarations.
frontend/components/root/UserProfileQuickView.tsx(5,35): error TS2307: Cannot find module '@/components/ui/card' or its corresponding type declarations.
frontend/components/root/UserProfileQuickView.tsx(6,56): error TS2307: Cannot find module '@/lib/ui-utils' or its corresponding type declarations.
frontend/components/root/UserProfileQuickView.tsx(7,30): error TS2307: Cannot find module '@/store/auth' or its corresponding type declarations.
frontend/components/root/WelcomeHeader.tsx(3,35): error TS2307: Cannot find module '@/components/ui/card' or its corresponding type declarations.
frontend/components/root/WelcomeHeader.tsx(4,30): error TS2307: Cannot find module '@/store/auth' or its corresponding type declarations.
frontend/components/shared/ActivityItemComponent.tsx(6,40): error TS2307: Cannot find module '@/components/ui/avatar' or its corresponding type declarations.
frontend/components/shared/ActivityItemComponent.tsx(7,45): error TS2307: Cannot find module '@/lib/activity-utils' or its corresponding type declarations.
frontend/components/shared/ActivityItemComponent.tsx(8,20): error TS2307: Cannot find module '@/lib/utils' or its corresponding type declarations.
frontend/components/shared/AuthCta.tsx(6,24): error TS2307: Cannot find module '@/components/ui/button' or its corresponding type declarations.
frontend/components/shared/AuthCta.tsx(7,35): error TS2307: Cannot find module '@/components/ui/card' or its corresponding type declarations.
frontend/components/shared/AuthCta.tsx(8,26): error TS2307: Cannot find module '@/lib/post-creation-utils' or its corresponding type declarations.
frontend/components/shared/AuthenticatedPostCreation.tsx(6,31): error TS2307: Cannot find module '@/components/shared/PostActionButtons' or its corresponding type declarations.
frontend/components/shared/AuthenticatedPostCreation.tsx(7,53): error TS2307: Cannot find module '@/components/ui/avatar' or its corresponding type declarations.
frontend/components/shared/AuthenticatedPostCreation.tsx(8,24): error TS2307: Cannot find module '@/components/ui/button' or its corresponding type declarations.
frontend/components/shared/AuthenticatedPostCreation.tsx(9,35): error TS2307: Cannot find module '@/components/ui/card' or its corresponding type declarations.
frontend/components/shared/AuthenticatedPostCreation.tsx(10,55): error TS2307: Cannot find module '@/lib/post-creation-utils' or its corresponding type declarations.
frontend/components/shared/AuthenticatedPostCreation.tsx(11,35): error TS2307: Cannot find module '@/lib/ui-utils' or its corresponding type declarations.
frontend/components/shared/AuthenticatedPostCreation.tsx(12,22): error TS2307: Cannot find module '@/types' or its corresponding type declarations.
frontend/components/shared/CardWrapper.tsx(6,58): error TS2307: Cannot find module '@/components/ui/card' or its corresponding type declarations.
frontend/components/shared/CardWrapper.tsx(7,26): error TS2307: Cannot find module '@/components/ui/skeleton' or its corresponding type declarations.
frontend/components/shared/FeaturePreview.tsx(6,24): error TS2307: Cannot find module '@/components/ui/button' or its corresponding type declarations.
frontend/components/shared/FeaturePreview.tsx(7,34): error TS2307: Cannot find module '@/lib/quick-actions-utils' or its corresponding type declarations.
frontend/components/shared/FilterButton.tsx(6,24): error TS2307: Cannot find module '@/components/ui/button' or its corresponding type declarations.
frontend/components/shared/FilterButton.tsx(7,51): error TS2307: Cannot find module '@/lib/feed-filters-utils' or its corresponding type declarations.
frontend/components/shared/hooks.ts(6,23): error TS2307: Cannot find module '@/hooks/use-toast' or its corresponding type declarations.
frontend/components/shared/ListItem.tsx(6,23): error TS2307: Cannot find module '@/components/ui/badge' or its corresponding type declarations.
frontend/components/shared/ListItem.tsx(7,40): error TS2307: Cannot find module '@/lib/trending-utils' or its corresponding type declarations.
frontend/components/shared/LoadingStates.tsx(4,24): error TS2307: Cannot find module '@/components/ui/button' or its corresponding type declarations.
frontend/components/shared/LoadingStates.tsx(5,35): error TS2307: Cannot find module '@/components/ui/card' or its corresponding type declarations.
frontend/components/shared/LoadingStates.tsx(6,20): error TS2307: Cannot find module '@/lib/utils' or its corresponding type declarations.
frontend/components/shared/PostActionButtons.tsx(6,24): error TS2307: Cannot find module '@/components/ui/button' or its corresponding type declarations.
frontend/components/shared/PostActionButtons.tsx(7,69): error TS2307: Cannot find module '@/lib/post-creation-utils' or its corresponding type declarations.
frontend/components/shared/QuickActionButton.tsx(6,24): error TS2307: Cannot find module '@/components/ui/button' or its corresponding type declarations.
frontend/components/shared/QuickActionButton.tsx(12,8): error TS2307: Cannot find module '@/lib/quick-actions-utils' or its corresponding type declarations.
frontend/components/shared/SearchFilters.tsx(4,23): error TS2307: Cannot find module '@/components/ui/badge' or its corresponding type declarations.
frontend/components/shared/SearchFilters.tsx(5,24): error TS2307: Cannot find module '@/components/ui/button' or its corresponding type declarations.
frontend/components/shared/SearchFilters.tsx(6,35): error TS2307: Cannot find module '@/components/ui/card' or its corresponding type declarations.
frontend/components/shared/SearchFilters.tsx(7,23): error TS2307: Cannot find module '@/components/ui/input' or its corresponding type declarations.
frontend/components/shared/SearchFilters.tsx(14,8): error TS2307: Cannot find module '@/components/ui/select' or its corresponding type declarations.
frontend/components/shared/SearchFilters.tsx(15,20): error TS2307: Cannot find module '@/lib/utils' or its corresponding type declarations.
frontend/components/shared/StatItem.tsx(6,31): error TS2307: Cannot find module '@/lib/community-utils' or its corresponding type declarations.
frontend/components/shared/StatItemComponent.tsx(6,55): error TS2307: Cannot find module '@/lib/stats-utils' or its corresponding type declarations.
frontend/components/shared/StatItemComponent.tsx(7,20): error TS2307: Cannot find module '@/lib/utils' or its corresponding type declarations.
frontend/components/shared/StatRow.tsx(6,20): error TS2307: Cannot find module '@/lib/utils' or its corresponding type declarations.
frontend/components/shared/UserListItem.tsx(6,53): error TS2307: Cannot find module '@/components/ui/avatar' or its corresponding type declarations.
frontend/components/shared/UserListItem.tsx(7,35): error TS2307: Cannot find module '@/lib/ui-utils' or its corresponding type declarations.
frontend/components/shared/UserProfileCard.tsx(5,29): error TS2307: Cannot find module '@/lib/api/users' or its corresponding type declarations.
frontend/components/shared/UserProfileCard.tsx(6,29): error TS2307: Cannot find module './profile' or its corresponding type declarations.
frontend/components/ui/alert-dialog.tsx(6,20): error TS2307: Cannot find module '@/lib/utils' or its corresponding type declarations.
frontend/components/ui/alert-dialog.tsx(7,32): error TS2307: Cannot find module '@/components/ui/button' or its corresponding type declarations.
frontend/components/ui/alert.tsx(4,20): error TS2307: Cannot find module '@/lib/utils' or its corresponding type declarations.
frontend/components/ui/avatar.tsx(6,20): error TS2307: Cannot find module '@/lib/utils' or its corresponding type declarations.
frontend/components/ui/badge.tsx(5,20): error TS2307: Cannot find module '@/lib/utils' or its corresponding type declarations.
frontend/components/ui/breadcrumb.tsx(5,20): error TS2307: Cannot find module '@/lib/utils' or its corresponding type declarations.
frontend/components/ui/button.tsx(5,20): error TS2307: Cannot find module '@/lib/utils' or its corresponding type declarations.
frontend/components/ui/card.tsx(3,20): error TS2307: Cannot find module '@/lib/utils' or its corresponding type declarations.
frontend/components/ui/checkbox.tsx(7,20): error TS2307: Cannot find module '@/lib/utils' or its corresponding type declarations.
frontend/components/ui/dropdown-menu.tsx(7,20): error TS2307: Cannot find module '@/lib/utils' or its corresponding type declarations.
frontend/components/ui/input.tsx(3,20): error TS2307: Cannot find module '@/lib/utils' or its corresponding type declarations.
frontend/components/ui/label.tsx(6,20): error TS2307: Cannot find module '@/lib/utils' or its corresponding type declarations.
frontend/components/ui/popover.tsx(6,20): error TS2307: Cannot find module '@/lib/utils' or its corresponding type declarations.
frontend/components/ui/select.tsx(7,20): error TS2307: Cannot find module '@/lib/utils' or its corresponding type declarations.
frontend/components/ui/separator.tsx(6,20): error TS2307: Cannot find module '@/lib/utils' or its corresponding type declarations.
frontend/components/ui/sheet.tsx(7,20): error TS2307: Cannot find module '@/lib/utils' or its corresponding type declarations.
frontend/components/ui/sidebar.tsx(8,29): error TS2307: Cannot find module '@/hooks/use-mobile' or its corresponding type declarations.
frontend/components/ui/sidebar.tsx(9,20): error TS2307: Cannot find module '@/lib/utils' or its corresponding type declarations.
frontend/components/ui/sidebar.tsx(10,24): error TS2307: Cannot find module '@/components/ui/button' or its corresponding type declarations.
frontend/components/ui/sidebar.tsx(11,23): error TS2307: Cannot find module '@/components/ui/input' or its corresponding type declarations.
frontend/components/ui/sidebar.tsx(12,27): error TS2307: Cannot find module '@/components/ui/separator' or its corresponding type declarations.
frontend/components/ui/sidebar.tsx(19,8): error TS2307: Cannot find module '@/components/ui/sheet' or its corresponding type declarations.
frontend/components/ui/sidebar.tsx(20,26): error TS2307: Cannot find module '@/components/ui/skeleton' or its corresponding type declarations.
frontend/components/ui/sidebar.tsx(26,8): error TS2307: Cannot find module '@/components/ui/tooltip' or its corresponding type declarations.
frontend/components/ui/skeleton.tsx(1,20): error TS2307: Cannot find module '@/lib/utils' or its corresponding type declarations.
frontend/components/ui/switch.tsx(6,20): error TS2307: Cannot find module '@/lib/utils' or its corresponding type declarations.
frontend/components/ui/table.tsx(5,20): error TS2307: Cannot find module '@/lib/utils' or its corresponding type declarations.
frontend/components/ui/tabs.tsx(6,20): error TS2307: Cannot find module '@/lib/utils' or its corresponding type declarations.
frontend/components/ui/textarea.tsx(3,20): error TS2307: Cannot find module '@/lib/utils' or its corresponding type declarations.
frontend/components/ui/toast.tsx(8,20): error TS2307: Cannot find module '@/lib/utils' or its corresponding type declarations.
frontend/components/ui/toaster.tsx(10,8): error TS2307: Cannot find module '@/components/ui/toast' or its corresponding type declarations.
frontend/components/ui/toaster.tsx(11,26): error TS2307: Cannot find module '@/hooks/use-toast' or its corresponding type declarations.
frontend/components/ui/tooltip.tsx(6,20): error TS2307: Cannot find module '@/lib/utils' or its corresponding type declarations.
frontend/components/ui/UnauthenticatedNotice.tsx(6,41): error TS2307: Cannot find module '@/components/ui/alert' or its corresponding type declarations.
frontend/components/ui/UnauthenticatedNotice.tsx(7,24): error TS2307: Cannot find module '@/components/ui/button' or its corresponding type declarations.
frontend/hooks/use-toast.ts(3,53): error TS2307: Cannot find module '@/components/ui/toast' or its corresponding type declarations.
frontend/hooks/useAuth.ts(1,30): error TS2307: Cannot find module '@/store/auth' or its corresponding type declarations.
frontend/hooks/useComments.ts(1,34): error TS2307: Cannot find module '@/store/comments' or its corresponding type declarations.
frontend/hooks/useNotifications.ts(1,39): error TS2307: Cannot find module '@/store/notifications' or its corresponding type declarations.
frontend/hooks/usePosts.ts(1,31): error TS2307: Cannot find module '@/store/posts' or its corresponding type declarations.
frontend/hooks/useUsers.ts(1,31): error TS2307: Cannot find module '@/store/users' or its corresponding type declarations.
frontend/lib/api/analytics.ts(6,19): error TS2307: Cannot find module '@/lib/axios' or its corresponding type declarations.
frontend/lib/api/analytics.ts(14,8): error TS2307: Cannot find module '@/types/analytics' or its corresponding type declarations.
frontend/lib/auth-service.ts(16,8): error TS2307: Cannot find module '@/types' or its corresponding type declarations.
frontend/lib/auth-utils.ts(6,23): error TS2307: Cannot find module '@/hooks/use-toast' or its corresponding type declarations.
frontend/providers/AuthProvider.tsx(3,30): error TS2307: Cannot find module '@/store/auth' or its corresponding type declarations.
frontend/store/auth.ts(8,25): error TS2307: Cannot find module '@/lib/auth-service' or its corresponding type declarations.
frontend/store/auth.ts(9,58): error TS2307: Cannot find module '@/types' or its corresponding type declarations.
frontend/store/comments.ts(8,19): error TS2307: Cannot find module '@/lib/axios' or its corresponding type declarations.
frontend/store/notifications.ts(1,19): error TS2307: Cannot find module '@/lib/axios' or its corresponding type declarations.
frontend/store/posts.ts(8,19): error TS2307: Cannot find module '@/lib/axios' or its corresponding type declarations.
frontend/store/users.ts(8,19): error TS2307: Cannot find module '@/lib/axios' or its corresponding type declarations.
